<?xml version="1.0" encoding="UTF-8"?>
<!-- Generated by org.testng.reporters.JUnitXMLReporter -->
<testsuite ignored="0" hostname="KARNA" failures="0" tests="3" name="Default test" time="9.597" errors="0" timestamp="04 Mar 2024 06:17:14 GMT">
  <testcase classname="com.crm.qa.testcases.LoginPageTest" name="loginPageTitleTest" time="0.642"/>
  <testcase classname="com.crm.qa.testcases.LoginPageTest" name="crmLogoImageTest" time="0.113"/>
  <testcase classname="com.crm.qa.testcases.LoginPageTest" name="loginTest" time="0.535"/>
</testsuite> <!-- Default test -->
