<?xml version="1.0" encoding="UTF-8"?>
<!-- Generated by org.testng.reporters.JUnitXMLReporter -->
<testsuite ignored="0" hostname="KARNA" failures="0" tests="6" name="Test" time="34.195" errors="0" timestamp="04 Mar 2024 06:18:56 GMT">
  <testcase classname="com.crm.qa.testcases.HomePageTest" name="verifyHomePageTitleTest" time="0.031"/>
  <testcase classname="com.crm.qa.testcases.AddToCartTest" name="verifyItemsAddTOCart" time="0.223"/>
  <testcase classname="com.crm.qa.testcases.LoginPageTest" name="loginPageTitleTest" time="0.621"/>
  <testcase classname="com.crm.qa.testcases.HomePageTest" name="verifyHomePage" time="0.206"/>
  <testcase classname="com.crm.qa.testcases.LoginPageTest" name="crmLogoImageTest" time="0.049"/>
  <testcase classname="com.crm.qa.testcases.LoginPageTest" name="loginTest" time="0.56"/>
</testsuite> <!-- Test -->
